Error, "check6.rc": 
  Type of return expression (float), not assignment compatible with function's return type (int).
Error, "check6.rc": 
  Type of return expression (int), not assignment compatible with function's return type (bool).
Error, "check6.rc": 
  Type of return expression (bool), not assignment compatible with function's return type (float).
Error, "check6.rc": 
  Type of return expression (bool) is not equivalent to the function's return type (int).
Error, "check6.rc": 
  Type of return expression (float) is not equivalent to the function's return type (bool).
Error, "check6.rc": 
  Type of return expression (int) is not equivalent to the function's return type (float).
Error, "check6.rc": 
  Return expression is not a modifiable L-value for function that returns by reference.
Error, "check6.rc": 
  Return expression is not a modifiable L-value for function that returns by reference.
Error, "check6.rc": 
  Return expression is not a modifiable L-value for function that returns by reference.
Error, "check6.rc": 
  Return in function requires a result expression, none found.
Error, "check6.rc": 
  Return in function requires a result expression, none found.
Error, "check6.rc": 
  Return in function requires a result expression, none found.
Error, "check6.rc": 
  Type of return expression (int), not assignment compatible with function's return type (void).
Error, "check6.rc": 
  Type of return expression (bool), not assignment compatible with function's return type (void).
Error, "check6.rc": 
  Type of return expression (float), not assignment compatible with function's return type (void).
Error, "check6.rc": 
  Return required in function, none found.
Error, "check6.rc": 
  Return required in function, none found.
Error, "check6.rc": 
  Return required in function, none found.
Compile: failure.
