Error, "check5.rc": 
  Return required in function, none found.
Error, "check5.rc": 
  Return required in function, none found.
Error, "check5.rc": 
  Return required in function, none found.
Error, "check5.rc": 
  Return required in function, none found.
Error, "check5.rc": 
  Return required in function, none found.
Error, "check5.rc": 
  Return required in function, none found.
Error, "check5.rc": 
  Number of arguments (4) differs from number of parameters (3).
Error, "check5.rc": 
  Number of arguments (4) differs from number of parameters (3).
Error, "check5.rc": 
  Number of arguments (4) differs from number of parameters (3).
Error, "check5.rc": 
  Number of arguments (4) differs from number of parameters (3).
Error, "check5.rc": 
  Number of arguments (4) differs from number of parameters (3).
Error, "check5.rc": 
  Number of arguments (4) differs from number of parameters (3).
Error, "check5.rc": 
  Argument of type bool not assignable to value parameter a, of type int.
Error, "check5.rc": 
  Argument of type int not assignable to value parameter b, of type bool.
Error, "check5.rc": 
  Argument of type bool not assignable to value parameter c, of type float.
Error, "check5.rc": 
  Argument of type bool not assignable to value parameter a, of type int.
Error, "check5.rc": 
  Argument of type int not assignable to value parameter b, of type bool.
Error, "check5.rc": 
  Argument of type bool not assignable to value parameter c, of type float.
Error, "check5.rc": 
  Argument of type bool not assignable to value parameter a, of type int.
Error, "check5.rc": 
  Argument of type int not assignable to value parameter b, of type bool.
Error, "check5.rc": 
  Argument of type bool not assignable to value parameter c, of type float.
Error, "check5.rc": 
  Argument of type float not equivalent to reference parameter a, of type int.
Error, "check5.rc": 
  Argument of type int not equivalent to reference parameter b, of type bool.
Error, "check5.rc": 
  Argument of type bool not equivalent to reference parameter c, of type float.
Error, "check5.rc": 
  Argument of type float not equivalent to reference parameter a, of type int.
Error, "check5.rc": 
  Argument of type int not equivalent to reference parameter b, of type bool.
Error, "check5.rc": 
  Argument of type bool not equivalent to reference parameter c, of type float.
Error, "check5.rc": 
  Argument of type float not equivalent to reference parameter a, of type int.
Error, "check5.rc": 
  Argument of type int not equivalent to reference parameter b, of type bool.
Error, "check5.rc": 
  Argument of type bool not equivalent to reference parameter c, of type float.
Error, "check5.rc": 
  Argument passed to reference parameter a (type int) is not a modifiable L-value.
Error, "check5.rc": 
  Argument passed to reference parameter b (type bool) is not a modifiable L-value.
Error, "check5.rc": 
  Argument passed to reference parameter c (type float) is not a modifiable L-value.
Error, "check5.rc": 
  Argument passed to reference parameter a (type int) is not a modifiable L-value.
Error, "check5.rc": 
  Argument passed to reference parameter b (type bool) is not a modifiable L-value.
Error, "check5.rc": 
  Argument passed to reference parameter c (type float) is not a modifiable L-value.
Error, "check5.rc": 
  Argument passed to reference parameter a (type int) is not a modifiable L-value.
Error, "check5.rc": 
  Argument passed to reference parameter b (type bool) is not a modifiable L-value.
Error, "check5.rc": 
  Argument passed to reference parameter c (type float) is not a modifiable L-value.
Error, "check5.rc": 
  Argument passed to reference parameter a (type int) is not a modifiable L-value.
Error, "check5.rc": 
  Argument passed to reference parameter b (type bool) is not a modifiable L-value.
Error, "check5.rc": 
  Argument passed to reference parameter c (type float) is not a modifiable L-value.
Error, "check5.rc": 
  Argument passed to reference parameter a (type int) is not a modifiable L-value.
Error, "check5.rc": 
  Argument passed to reference parameter b (type bool) is not a modifiable L-value.
Error, "check5.rc": 
  Argument passed to reference parameter c (type float) is not a modifiable L-value.
Error, "check5.rc": 
  Argument passed to reference parameter a (type int) is not a modifiable L-value.
Error, "check5.rc": 
  Argument passed to reference parameter b (type bool) is not a modifiable L-value.
Error, "check5.rc": 
  Argument passed to reference parameter c (type float) is not a modifiable L-value.
Error, "check5.rc": 
  Incompatible type funcptr : int (int a, bool b, float c) to binary operator +, numeric expected.
Error, "check5.rc": 
  Incompatible type funcptr : float (int a, bool b, float c) to binary operator ||, equivalent to bool expected.
Error, "check5.rc": 
  Incompatible type funcptr : bool (int a, bool b, float c) to binary operator +, numeric expected.
Error, "check5.rc": 
  Left-hand operand is not assignable (not a modifiable L-value).
Error, "check5.rc": 
  Left-hand operand is not assignable (not a modifiable L-value).
Error, "check5.rc": 
  Left-hand operand is not assignable (not a modifiable L-value).
Compile: failure.
